<?xml version="1.0" encoding="UTF-8"?>
<testsuite xmlns:xsi="http://www.w3.org/2001/XMLSchema-instance" xsi:noNamespaceSchemaLocation="https://maven.apache.org/surefire/maven-surefire-plugin/xsd/surefire-test-report-3.0.xsd" version="3.0" name="tests.SpringContextTest" time="2.749" tests="1" errors="1" skipped="0" failures="0">
  <properties>
    <property name="java.specification.version" value="17"/>
    <property name="sun.jnu.encoding" value="UTF-8"/>
    <property name="java.class.path" value="/home/data/MASTER/S2/genLog/Moodle_light/Moodle_light/target/test-classes:/home/data/MASTER/S2/genLog/Moodle_light/Moodle_light/target/classes:/home/ourson/.m2/repository/org/springframework/boot/spring-boot-starter-data-jpa/2.2.11.RELEASE/spring-boot-starter-data-jpa-2.2.11.RELEASE.jar:/home/ourson/.m2/repository/org/springframework/boot/spring-boot-starter-aop/2.2.11.RELEASE/spring-boot-starter-aop-2.2.11.RELEASE.jar:/home/ourson/.m2/repository/org/aspectj/aspectjweaver/1.9.6/aspectjweaver-1.9.6.jar:/home/ourson/.m2/repository/org/springframework/boot/spring-boot-starter-jdbc/2.2.11.RELEASE/spring-boot-starter-jdbc-2.2.11.RELEASE.jar:/home/ourson/.m2/repository/com/zaxxer/HikariCP/3.4.5/HikariCP-3.4.5.jar:/home/ourson/.m2/repository/org/springframework/spring-jdbc/5.2.10.RELEASE/spring-jdbc-5.2.10.RELEASE.jar:/home/ourson/.m2/repository/jakarta/persistence/jakarta.persistence-api/2.2.3/jakarta.persistence-api-2.2.3.jar:/home/ourson/.m2/repository/jakarta/transaction/jakarta.transaction-api/1.3.3/jakarta.transaction-api-1.3.3.jar:/home/ourson/.m2/repository/org/hibernate/hibernate-core/5.4.22.Final/hibernate-core-5.4.22.Final.jar:/home/ourson/.m2/repository/org/jboss/logging/jboss-logging/3.4.1.Final/jboss-logging-3.4.1.Final.jar:/home/ourson/.m2/repository/org/javassist/javassist/3.24.0-GA/javassist-3.24.0-GA.jar:/home/ourson/.m2/repository/net/bytebuddy/byte-buddy/1.10.17/byte-buddy-1.10.17.jar:/home/ourson/.m2/repository/antlr/antlr/2.7.7/antlr-2.7.7.jar:/home/ourson/.m2/repository/org/jboss/jandex/2.1.3.Final/jandex-2.1.3.Final.jar:/home/ourson/.m2/repository/com/fasterxml/classmate/1.5.1/classmate-1.5.1.jar:/home/ourson/.m2/repository/org/dom4j/dom4j/2.1.3/dom4j-2.1.3.jar:/home/ourson/.m2/repository/org/hibernate/common/hibernate-commons-annotations/5.1.0.Final/hibernate-commons-annotations-5.1.0.Final.jar:/home/ourson/.m2/repository/org/glassfish/jaxb/jaxb-runtime/2.3.3/jaxb-runtime-2.3.3.jar:/home/ourson/.m2/repository/org/glassfish/jaxb/txw2/2.3.3/txw2-2.3.3.jar:/home/ourson/.m2/repository/com/sun/istack/istack-commons-runtime/3.0.11/istack-commons-runtime-3.0.11.jar:/home/ourson/.m2/repository/com/sun/activation/jakarta.activation/1.2.2/jakarta.activation-1.2.2.jar:/home/ourson/.m2/repository/org/springframework/data/spring-data-jpa/2.2.11.RELEASE/spring-data-jpa-2.2.11.RELEASE.jar:/home/ourson/.m2/repository/org/springframework/data/spring-data-commons/2.2.11.RELEASE/spring-data-commons-2.2.11.RELEASE.jar:/home/ourson/.m2/repository/org/springframework/spring-orm/5.2.10.RELEASE/spring-orm-5.2.10.RELEASE.jar:/home/ourson/.m2/repository/org/springframework/spring-context/5.2.10.RELEASE/spring-context-5.2.10.RELEASE.jar:/home/ourson/.m2/repository/org/springframework/spring-tx/5.2.10.RELEASE/spring-tx-5.2.10.RELEASE.jar:/home/ourson/.m2/repository/org/springframework/spring-beans/5.2.10.RELEASE/spring-beans-5.2.10.RELEASE.jar:/home/ourson/.m2/repository/org/slf4j/slf4j-api/1.7.30/slf4j-api-1.7.30.jar:/home/ourson/.m2/repository/org/springframework/spring-aspects/5.2.10.RELEASE/spring-aspects-5.2.10.RELEASE.jar:/home/ourson/.m2/repository/org/springframework/boot/spring-boot-starter-security/2.2.11.RELEASE/spring-boot-starter-security-2.2.11.RELEASE.jar:/home/ourson/.m2/repository/org/springframework/boot/spring-boot-starter/2.2.11.RELEASE/spring-boot-starter-2.2.11.RELEASE.jar:/home/ourson/.m2/repository/org/springframework/boot/spring-boot/2.2.11.RELEASE/spring-boot-2.2.11.RELEASE.jar:/home/ourson/.m2/repository/org/springframework/boot/spring-boot-autoconfigure/2.2.11.RELEASE/spring-boot-autoconfigure-2.2.11.RELEASE.jar:/home/ourson/.m2/repository/org/springframework/boot/spring-boot-starter-logging/2.2.11.RELEASE/spring-boot-starter-logging-2.2.11.RELEASE.jar:/home/ourson/.m2/repository/ch/qos/logback/logback-classic/1.2.3/logback-classic-1.2.3.jar:/home/ourson/.m2/repository/ch/qos/logback/logback-core/1.2.3/logback-core-1.2.3.jar:/home/ourson/.m2/repository/org/apache/logging/log4j/log4j-to-slf4j/2.12.1/log4j-to-slf4j-2.12.1.jar:/home/ourson/.m2/repository/org/apache/logging/log4j/log4j-api/2.12.1/log4j-api-2.12.1.jar:/home/ourson/.m2/repository/org/slf4j/jul-to-slf4j/1.7.30/jul-to-slf4j-1.7.30.jar:/home/ourson/.m2/repository/jakarta/annotation/jakarta.annotation-api/1.3.5/jakarta.annotation-api-1.3.5.jar:/home/ourson/.m2/repository/org/yaml/snakeyaml/1.25/snakeyaml-1.25.jar:/home/ourson/.m2/repository/org/springframework/spring-aop/5.2.10.RELEASE/spring-aop-5.2.10.RELEASE.jar:/home/ourson/.m2/repository/org/springframework/security/spring-security-config/5.2.7.RELEASE/spring-security-config-5.2.7.RELEASE.jar:/home/ourson/.m2/repository/org/springframework/security/spring-security-web/5.2.7.RELEASE/spring-security-web-5.2.7.RELEASE.jar:/home/ourson/.m2/repository/org/springframework/spring-expression/5.2.10.RELEASE/spring-expression-5.2.10.RELEASE.jar:/home/ourson/.m2/repository/org/springframework/boot/spring-boot-starter-web/2.2.11.RELEASE/spring-boot-starter-web-2.2.11.RELEASE.jar:/home/ourson/.m2/repository/org/springframework/boot/spring-boot-starter-json/2.2.11.RELEASE/spring-boot-starter-json-2.2.11.RELEASE.jar:/home/ourson/.m2/repository/com/fasterxml/jackson/datatype/jackson-datatype-jdk8/2.10.5/jackson-datatype-jdk8-2.10.5.jar:/home/ourson/.m2/repository/com/fasterxml/jackson/datatype/jackson-datatype-jsr310/2.10.5/jackson-datatype-jsr310-2.10.5.jar:/home/ourson/.m2/repository/com/fasterxml/jackson/module/jackson-module-parameter-names/2.10.5/jackson-module-parameter-names-2.10.5.jar:/home/ourson/.m2/repository/org/springframework/boot/spring-boot-starter-tomcat/2.2.11.RELEASE/spring-boot-starter-tomcat-2.2.11.RELEASE.jar:/home/ourson/.m2/repository/org/apache/tomcat/embed/tomcat-embed-core/9.0.39/tomcat-embed-core-9.0.39.jar:/home/ourson/.m2/repository/org/apache/tomcat/embed/tomcat-embed-el/9.0.39/tomcat-embed-el-9.0.39.jar:/home/ourson/.m2/repository/org/apache/tomcat/embed/tomcat-embed-websocket/9.0.39/tomcat-embed-websocket-9.0.39.jar:/home/ourson/.m2/repository/org/springframework/boot/spring-boot-starter-validation/2.2.11.RELEASE/spring-boot-starter-validation-2.2.11.RELEASE.jar:/home/ourson/.m2/repository/jakarta/validation/jakarta.validation-api/2.0.2/jakarta.validation-api-2.0.2.jar:/home/ourson/.m2/repository/org/hibernate/validator/hibernate-validator/6.0.21.Final/hibernate-validator-6.0.21.Final.jar:/home/ourson/.m2/repository/org/springframework/spring-web/5.2.10.RELEASE/spring-web-5.2.10.RELEASE.jar:/home/ourson/.m2/repository/org/springframework/spring-webmvc/5.2.10.RELEASE/spring-webmvc-5.2.10.RELEASE.jar:/home/ourson/.m2/repository/org/postgresql/postgresql/42.2.18/postgresql-42.2.18.jar:/home/ourson/.m2/repository/org/checkerframework/checker-qual/3.5.0/checker-qual-3.5.0.jar:/home/ourson/.m2/repository/io/jsonwebtoken/jjwt/0.9.1/jjwt-0.9.1.jar:/home/ourson/.m2/repository/com/fasterxml/jackson/core/jackson-databind/2.10.5/jackson-databind-2.10.5.jar:/home/ourson/.m2/repository/com/fasterxml/jackson/core/jackson-annotations/2.10.5/jackson-annotations-2.10.5.jar:/home/ourson/.m2/repository/com/fasterxml/jackson/core/jackson-core/2.10.5/jackson-core-2.10.5.jar:/home/ourson/.m2/repository/org/apache/httpcomponents/httpclient/4.5.2/httpclient-4.5.2.jar:/home/ourson/.m2/repository/org/apache/httpcomponents/httpcore/4.4.13/httpcore-4.4.13.jar:/home/ourson/.m2/repository/commons-codec/commons-codec/1.13/commons-codec-1.13.jar:/home/ourson/.m2/repository/org/springframework/boot/spring-boot-starter-test/2.2.11.RELEASE/spring-boot-starter-test-2.2.11.RELEASE.jar:/home/ourson/.m2/repository/org/springframework/boot/spring-boot-test/2.2.11.RELEASE/spring-boot-test-2.2.11.RELEASE.jar:/home/ourson/.m2/repository/org/springframework/boot/spring-boot-test-autoconfigure/2.2.11.RELEASE/spring-boot-test-autoconfigure-2.2.11.RELEASE.jar:/home/ourson/.m2/repository/com/jayway/jsonpath/json-path/2.4.0/json-path-2.4.0.jar:/home/ourson/.m2/repository/net/minidev/json-smart/2.3/json-smart-2.3.jar:/home/ourson/.m2/repository/net/minidev/accessors-smart/1.2/accessors-smart-1.2.jar:/home/ourson/.m2/repository/org/ow2/asm/asm/5.0.4/asm-5.0.4.jar:/home/ourson/.m2/repository/jakarta/xml/bind/jakarta.xml.bind-api/2.3.3/jakarta.xml.bind-api-2.3.3.jar:/home/ourson/.m2/repository/jakarta/activation/jakarta.activation-api/1.2.2/jakarta.activation-api-1.2.2.jar:/home/ourson/.m2/repository/org/mockito/mockito-junit-jupiter/3.1.0/mockito-junit-jupiter-3.1.0.jar:/home/ourson/.m2/repository/org/assertj/assertj-core/3.13.2/assertj-core-3.13.2.jar:/home/ourson/.m2/repository/org/hamcrest/hamcrest/2.1/hamcrest-2.1.jar:/home/ourson/.m2/repository/org/mockito/mockito-core/3.1.0/mockito-core-3.1.0.jar:/home/ourson/.m2/repository/net/bytebuddy/byte-buddy-agent/1.10.17/byte-buddy-agent-1.10.17.jar:/home/ourson/.m2/repository/org/objenesis/objenesis/2.6/objenesis-2.6.jar:/home/ourson/.m2/repository/org/skyscreamer/jsonassert/1.5.0/jsonassert-1.5.0.jar:/home/ourson/.m2/repository/org/springframework/spring-core/5.2.10.RELEASE/spring-core-5.2.10.RELEASE.jar:/home/ourson/.m2/repository/org/springframework/spring-jcl/5.2.10.RELEASE/spring-jcl-5.2.10.RELEASE.jar:/home/ourson/.m2/repository/org/springframework/spring-test/5.2.10.RELEASE/spring-test-5.2.10.RELEASE.jar:/home/ourson/.m2/repository/org/xmlunit/xmlunit-core/2.6.4/xmlunit-core-2.6.4.jar:/home/ourson/.m2/repository/org/springframework/security/spring-security-test/5.2.7.RELEASE/spring-security-test-5.2.7.RELEASE.jar:/home/ourson/.m2/repository/org/springframework/security/spring-security-core/5.2.7.RELEASE/spring-security-core-5.2.7.RELEASE.jar:/home/ourson/.m2/repository/org/junit/jupiter/junit-jupiter/5.5.2/junit-jupiter-5.5.2.jar:/home/ourson/.m2/repository/org/junit/jupiter/junit-jupiter-api/5.5.2/junit-jupiter-api-5.5.2.jar:/home/ourson/.m2/repository/org/opentest4j/opentest4j/1.2.0/opentest4j-1.2.0.jar:/home/ourson/.m2/repository/org/junit/platform/junit-platform-commons/1.5.2/junit-platform-commons-1.5.2.jar:/home/ourson/.m2/repository/org/junit/jupiter/junit-jupiter-params/5.5.2/junit-jupiter-params-5.5.2.jar:/home/ourson/.m2/repository/org/junit/jupiter/junit-jupiter-engine/5.5.2/junit-jupiter-engine-5.5.2.jar:/home/ourson/.m2/repository/org/junit/vintage/junit-vintage-engine/5.5.2/junit-vintage-engine-5.5.2.jar:/home/ourson/.m2/repository/org/apiguardian/apiguardian-api/1.1.0/apiguardian-api-1.1.0.jar:/home/ourson/.m2/repository/org/junit/platform/junit-platform-engine/1.5.2/junit-platform-engine-1.5.2.jar:/home/ourson/.m2/repository/junit/junit/4.12/junit-4.12.jar:/home/ourson/.m2/repository/org/hamcrest/hamcrest-core/2.1/hamcrest-core-2.1.jar:/home/ourson/.m2/repository/io/cucumber/cucumber-java/6.8.0/cucumber-java-6.8.0.jar:/home/ourson/.m2/repository/io/cucumber/cucumber-core/6.8.0/cucumber-core-6.8.0.jar:/home/ourson/.m2/repository/io/cucumber/cucumber-gherkin/6.8.0/cucumber-gherkin-6.8.0.jar:/home/ourson/.m2/repository/io/cucumber/cucumber-gherkin-messages/6.8.0/cucumber-gherkin-messages-6.8.0.jar:/home/ourson/.m2/repository/io/cucumber/tag-expressions/3.0.0/tag-expressions-3.0.0.jar:/home/ourson/.m2/repository/io/cucumber/cucumber-expressions/10.3.0/cucumber-expressions-10.3.0.jar:/home/ourson/.m2/repository/io/cucumber/datatable/3.5.0/datatable-3.5.0.jar:/home/ourson/.m2/repository/io/cucumber/cucumber-plugin/6.8.0/cucumber-plugin-6.8.0.jar:/home/ourson/.m2/repository/io/cucumber/docstring/6.8.0/docstring-6.8.0.jar:/home/ourson/.m2/repository/io/cucumber/html-formatter/9.0.0/html-formatter-9.0.0.jar:/home/ourson/.m2/repository/io/cucumber/create-meta/2.0.2/create-meta-2.0.2.jar:/home/ourson/.m2/repository/io/cucumber/cucumber-junit/6.8.0/cucumber-junit-6.8.0.jar:/home/ourson/.m2/repository/io/cucumber/cucumber-spring/6.8.0/cucumber-spring-6.8.0.jar:/home/ourson/.m2/repository/commons-io/commons-io/1.3.2/commons-io-1.3.2.jar:/home/ourson/.m2/repository/io/cucumber/messages/13.1.0/messages-13.1.0.jar:/home/ourson/.m2/repository/com/vaadin/external/google/android-json/0.0.20131108.vaadin1/android-json-0.0.20131108.vaadin1.jar:/home/ourson/.m2/repository/org/python/jython-standalone/2.7.1/jython-standalone-2.7.1.jar:"/>
    <property name="java.vm.vendor" value="Oracle Corporation"/>
    <property name="sun.arch.data.model" value="64"/>
    <property name="catalina.useNaming" value="false"/>
    <property name="java.vendor.url" value="https://java.oracle.com/"/>
    <property name="user.timezone" value="Europe/Paris"/>
    <property name="os.name" value="Linux"/>
    <property name="java.vm.specification.version" value="17"/>
    <property name="sun.java.launcher" value="SUN_STANDARD"/>
    <property name="user.country" value="US"/>
    <property name="sun.boot.library.path" value="/usr/lib/jvm/openjdk-17/lib"/>
    <property name="sun.java.command" value="/home/data/MASTER/S2/genLog/Moodle_light/Moodle_light/target/surefire/surefirebooter4753450242809748496.jar /home/data/MASTER/S2/genLog/Moodle_light/Moodle_light/target/surefire 2022-02-17T23-50-07_526-jvmRun1 surefire16911564065461292110tmp surefire_04185772457307454082tmp"/>
    <property name="jdk.debug" value="release"/>
    <property name="surefire.test.class.path" value="/home/data/MASTER/S2/genLog/Moodle_light/Moodle_light/target/test-classes:/home/data/MASTER/S2/genLog/Moodle_light/Moodle_light/target/classes:/home/ourson/.m2/repository/org/springframework/boot/spring-boot-starter-data-jpa/2.2.11.RELEASE/spring-boot-starter-data-jpa-2.2.11.RELEASE.jar:/home/ourson/.m2/repository/org/springframework/boot/spring-boot-starter-aop/2.2.11.RELEASE/spring-boot-starter-aop-2.2.11.RELEASE.jar:/home/ourson/.m2/repository/org/aspectj/aspectjweaver/1.9.6/aspectjweaver-1.9.6.jar:/home/ourson/.m2/repository/org/springframework/boot/spring-boot-starter-jdbc/2.2.11.RELEASE/spring-boot-starter-jdbc-2.2.11.RELEASE.jar:/home/ourson/.m2/repository/com/zaxxer/HikariCP/3.4.5/HikariCP-3.4.5.jar:/home/ourson/.m2/repository/org/springframework/spring-jdbc/5.2.10.RELEASE/spring-jdbc-5.2.10.RELEASE.jar:/home/ourson/.m2/repository/jakarta/persistence/jakarta.persistence-api/2.2.3/jakarta.persistence-api-2.2.3.jar:/home/ourson/.m2/repository/jakarta/transaction/jakarta.transaction-api/1.3.3/jakarta.transaction-api-1.3.3.jar:/home/ourson/.m2/repository/org/hibernate/hibernate-core/5.4.22.Final/hibernate-core-5.4.22.Final.jar:/home/ourson/.m2/repository/org/jboss/logging/jboss-logging/3.4.1.Final/jboss-logging-3.4.1.Final.jar:/home/ourson/.m2/repository/org/javassist/javassist/3.24.0-GA/javassist-3.24.0-GA.jar:/home/ourson/.m2/repository/net/bytebuddy/byte-buddy/1.10.17/byte-buddy-1.10.17.jar:/home/ourson/.m2/repository/antlr/antlr/2.7.7/antlr-2.7.7.jar:/home/ourson/.m2/repository/org/jboss/jandex/2.1.3.Final/jandex-2.1.3.Final.jar:/home/ourson/.m2/repository/com/fasterxml/classmate/1.5.1/classmate-1.5.1.jar:/home/ourson/.m2/repository/org/dom4j/dom4j/2.1.3/dom4j-2.1.3.jar:/home/ourson/.m2/repository/org/hibernate/common/hibernate-commons-annotations/5.1.0.Final/hibernate-commons-annotations-5.1.0.Final.jar:/home/ourson/.m2/repository/org/glassfish/jaxb/jaxb-runtime/2.3.3/jaxb-runtime-2.3.3.jar:/home/ourson/.m2/repository/org/glassfish/jaxb/txw2/2.3.3/txw2-2.3.3.jar:/home/ourson/.m2/repository/com/sun/istack/istack-commons-runtime/3.0.11/istack-commons-runtime-3.0.11.jar:/home/ourson/.m2/repository/com/sun/activation/jakarta.activation/1.2.2/jakarta.activation-1.2.2.jar:/home/ourson/.m2/repository/org/springframework/data/spring-data-jpa/2.2.11.RELEASE/spring-data-jpa-2.2.11.RELEASE.jar:/home/ourson/.m2/repository/org/springframework/data/spring-data-commons/2.2.11.RELEASE/spring-data-commons-2.2.11.RELEASE.jar:/home/ourson/.m2/repository/org/springframework/spring-orm/5.2.10.RELEASE/spring-orm-5.2.10.RELEASE.jar:/home/ourson/.m2/repository/org/springframework/spring-context/5.2.10.RELEASE/spring-context-5.2.10.RELEASE.jar:/home/ourson/.m2/repository/org/springframework/spring-tx/5.2.10.RELEASE/spring-tx-5.2.10.RELEASE.jar:/home/ourson/.m2/repository/org/springframework/spring-beans/5.2.10.RELEASE/spring-beans-5.2.10.RELEASE.jar:/home/ourson/.m2/repository/org/slf4j/slf4j-api/1.7.30/slf4j-api-1.7.30.jar:/home/ourson/.m2/repository/org/springframework/spring-aspects/5.2.10.RELEASE/spring-aspects-5.2.10.RELEASE.jar:/home/ourson/.m2/repository/org/springframework/boot/spring-boot-starter-security/2.2.11.RELEASE/spring-boot-starter-security-2.2.11.RELEASE.jar:/home/ourson/.m2/repository/org/springframework/boot/spring-boot-starter/2.2.11.RELEASE/spring-boot-starter-2.2.11.RELEASE.jar:/home/ourson/.m2/repository/org/springframework/boot/spring-boot/2.2.11.RELEASE/spring-boot-2.2.11.RELEASE.jar:/home/ourson/.m2/repository/org/springframework/boot/spring-boot-autoconfigure/2.2.11.RELEASE/spring-boot-autoconfigure-2.2.11.RELEASE.jar:/home/ourson/.m2/repository/org/springframework/boot/spring-boot-starter-logging/2.2.11.RELEASE/spring-boot-starter-logging-2.2.11.RELEASE.jar:/home/ourson/.m2/repository/ch/qos/logback/logback-classic/1.2.3/logback-classic-1.2.3.jar:/home/ourson/.m2/repository/ch/qos/logback/logback-core/1.2.3/logback-core-1.2.3.jar:/home/ourson/.m2/repository/org/apache/logging/log4j/log4j-to-slf4j/2.12.1/log4j-to-slf4j-2.12.1.jar:/home/ourson/.m2/repository/org/apache/logging/log4j/log4j-api/2.12.1/log4j-api-2.12.1.jar:/home/ourson/.m2/repository/org/slf4j/jul-to-slf4j/1.7.30/jul-to-slf4j-1.7.30.jar:/home/ourson/.m2/repository/jakarta/annotation/jakarta.annotation-api/1.3.5/jakarta.annotation-api-1.3.5.jar:/home/ourson/.m2/repository/org/yaml/snakeyaml/1.25/snakeyaml-1.25.jar:/home/ourson/.m2/repository/org/springframework/spring-aop/5.2.10.RELEASE/spring-aop-5.2.10.RELEASE.jar:/home/ourson/.m2/repository/org/springframework/security/spring-security-config/5.2.7.RELEASE/spring-security-config-5.2.7.RELEASE.jar:/home/ourson/.m2/repository/org/springframework/security/spring-security-web/5.2.7.RELEASE/spring-security-web-5.2.7.RELEASE.jar:/home/ourson/.m2/repository/org/springframework/spring-expression/5.2.10.RELEASE/spring-expression-5.2.10.RELEASE.jar:/home/ourson/.m2/repository/org/springframework/boot/spring-boot-starter-web/2.2.11.RELEASE/spring-boot-starter-web-2.2.11.RELEASE.jar:/home/ourson/.m2/repository/org/springframework/boot/spring-boot-starter-json/2.2.11.RELEASE/spring-boot-starter-json-2.2.11.RELEASE.jar:/home/ourson/.m2/repository/com/fasterxml/jackson/datatype/jackson-datatype-jdk8/2.10.5/jackson-datatype-jdk8-2.10.5.jar:/home/ourson/.m2/repository/com/fasterxml/jackson/datatype/jackson-datatype-jsr310/2.10.5/jackson-datatype-jsr310-2.10.5.jar:/home/ourson/.m2/repository/com/fasterxml/jackson/module/jackson-module-parameter-names/2.10.5/jackson-module-parameter-names-2.10.5.jar:/home/ourson/.m2/repository/org/springframework/boot/spring-boot-starter-tomcat/2.2.11.RELEASE/spring-boot-starter-tomcat-2.2.11.RELEASE.jar:/home/ourson/.m2/repository/org/apache/tomcat/embed/tomcat-embed-core/9.0.39/tomcat-embed-core-9.0.39.jar:/home/ourson/.m2/repository/org/apache/tomcat/embed/tomcat-embed-el/9.0.39/tomcat-embed-el-9.0.39.jar:/home/ourson/.m2/repository/org/apache/tomcat/embed/tomcat-embed-websocket/9.0.39/tomcat-embed-websocket-9.0.39.jar:/home/ourson/.m2/repository/org/springframework/boot/spring-boot-starter-validation/2.2.11.RELEASE/spring-boot-starter-validation-2.2.11.RELEASE.jar:/home/ourson/.m2/repository/jakarta/validation/jakarta.validation-api/2.0.2/jakarta.validation-api-2.0.2.jar:/home/ourson/.m2/repository/org/hibernate/validator/hibernate-validator/6.0.21.Final/hibernate-validator-6.0.21.Final.jar:/home/ourson/.m2/repository/org/springframework/spring-web/5.2.10.RELEASE/spring-web-5.2.10.RELEASE.jar:/home/ourson/.m2/repository/org/springframework/spring-webmvc/5.2.10.RELEASE/spring-webmvc-5.2.10.RELEASE.jar:/home/ourson/.m2/repository/org/postgresql/postgresql/42.2.18/postgresql-42.2.18.jar:/home/ourson/.m2/repository/org/checkerframework/checker-qual/3.5.0/checker-qual-3.5.0.jar:/home/ourson/.m2/repository/io/jsonwebtoken/jjwt/0.9.1/jjwt-0.9.1.jar:/home/ourson/.m2/repository/com/fasterxml/jackson/core/jackson-databind/2.10.5/jackson-databind-2.10.5.jar:/home/ourson/.m2/repository/com/fasterxml/jackson/core/jackson-annotations/2.10.5/jackson-annotations-2.10.5.jar:/home/ourson/.m2/repository/com/fasterxml/jackson/core/jackson-core/2.10.5/jackson-core-2.10.5.jar:/home/ourson/.m2/repository/org/apache/httpcomponents/httpclient/4.5.2/httpclient-4.5.2.jar:/home/ourson/.m2/repository/org/apache/httpcomponents/httpcore/4.4.13/httpcore-4.4.13.jar:/home/ourson/.m2/repository/commons-codec/commons-codec/1.13/commons-codec-1.13.jar:/home/ourson/.m2/repository/org/springframework/boot/spring-boot-starter-test/2.2.11.RELEASE/spring-boot-starter-test-2.2.11.RELEASE.jar:/home/ourson/.m2/repository/org/springframework/boot/spring-boot-test/2.2.11.RELEASE/spring-boot-test-2.2.11.RELEASE.jar:/home/ourson/.m2/repository/org/springframework/boot/spring-boot-test-autoconfigure/2.2.11.RELEASE/spring-boot-test-autoconfigure-2.2.11.RELEASE.jar:/home/ourson/.m2/repository/com/jayway/jsonpath/json-path/2.4.0/json-path-2.4.0.jar:/home/ourson/.m2/repository/net/minidev/json-smart/2.3/json-smart-2.3.jar:/home/ourson/.m2/repository/net/minidev/accessors-smart/1.2/accessors-smart-1.2.jar:/home/ourson/.m2/repository/org/ow2/asm/asm/5.0.4/asm-5.0.4.jar:/home/ourson/.m2/repository/jakarta/xml/bind/jakarta.xml.bind-api/2.3.3/jakarta.xml.bind-api-2.3.3.jar:/home/ourson/.m2/repository/jakarta/activation/jakarta.activation-api/1.2.2/jakarta.activation-api-1.2.2.jar:/home/ourson/.m2/repository/org/mockito/mockito-junit-jupiter/3.1.0/mockito-junit-jupiter-3.1.0.jar:/home/ourson/.m2/repository/org/assertj/assertj-core/3.13.2/assertj-core-3.13.2.jar:/home/ourson/.m2/repository/org/hamcrest/hamcrest/2.1/hamcrest-2.1.jar:/home/ourson/.m2/repository/org/mockito/mockito-core/3.1.0/mockito-core-3.1.0.jar:/home/ourson/.m2/repository/net/bytebuddy/byte-buddy-agent/1.10.17/byte-buddy-agent-1.10.17.jar:/home/ourson/.m2/repository/org/objenesis/objenesis/2.6/objenesis-2.6.jar:/home/ourson/.m2/repository/org/skyscreamer/jsonassert/1.5.0/jsonassert-1.5.0.jar:/home/ourson/.m2/repository/org/springframework/spring-core/5.2.10.RELEASE/spring-core-5.2.10.RELEASE.jar:/home/ourson/.m2/repository/org/springframework/spring-jcl/5.2.10.RELEASE/spring-jcl-5.2.10.RELEASE.jar:/home/ourson/.m2/repository/org/springframework/spring-test/5.2.10.RELEASE/spring-test-5.2.10.RELEASE.jar:/home/ourson/.m2/repository/org/xmlunit/xmlunit-core/2.6.4/xmlunit-core-2.6.4.jar:/home/ourson/.m2/repository/org/springframework/security/spring-security-test/5.2.7.RELEASE/spring-security-test-5.2.7.RELEASE.jar:/home/ourson/.m2/repository/org/springframework/security/spring-security-core/5.2.7.RELEASE/spring-security-core-5.2.7.RELEASE.jar:/home/ourson/.m2/repository/org/junit/jupiter/junit-jupiter/5.5.2/junit-jupiter-5.5.2.jar:/home/ourson/.m2/repository/org/junit/jupiter/junit-jupiter-api/5.5.2/junit-jupiter-api-5.5.2.jar:/home/ourson/.m2/repository/org/opentest4j/opentest4j/1.2.0/opentest4j-1.2.0.jar:/home/ourson/.m2/repository/org/junit/platform/junit-platform-commons/1.5.2/junit-platform-commons-1.5.2.jar:/home/ourson/.m2/repository/org/junit/jupiter/junit-jupiter-params/5.5.2/junit-jupiter-params-5.5.2.jar:/home/ourson/.m2/repository/org/junit/jupiter/junit-jupiter-engine/5.5.2/junit-jupiter-engine-5.5.2.jar:/home/ourson/.m2/repository/org/junit/vintage/junit-vintage-engine/5.5.2/junit-vintage-engine-5.5.2.jar:/home/ourson/.m2/repository/org/apiguardian/apiguardian-api/1.1.0/apiguardian-api-1.1.0.jar:/home/ourson/.m2/repository/org/junit/platform/junit-platform-engine/1.5.2/junit-platform-engine-1.5.2.jar:/home/ourson/.m2/repository/junit/junit/4.12/junit-4.12.jar:/home/ourson/.m2/repository/org/hamcrest/hamcrest-core/2.1/hamcrest-core-2.1.jar:/home/ourson/.m2/repository/io/cucumber/cucumber-java/6.8.0/cucumber-java-6.8.0.jar:/home/ourson/.m2/repository/io/cucumber/cucumber-core/6.8.0/cucumber-core-6.8.0.jar:/home/ourson/.m2/repository/io/cucumber/cucumber-gherkin/6.8.0/cucumber-gherkin-6.8.0.jar:/home/ourson/.m2/repository/io/cucumber/cucumber-gherkin-messages/6.8.0/cucumber-gherkin-messages-6.8.0.jar:/home/ourson/.m2/repository/io/cucumber/tag-expressions/3.0.0/tag-expressions-3.0.0.jar:/home/ourson/.m2/repository/io/cucumber/cucumber-expressions/10.3.0/cucumber-expressions-10.3.0.jar:/home/ourson/.m2/repository/io/cucumber/datatable/3.5.0/datatable-3.5.0.jar:/home/ourson/.m2/repository/io/cucumber/cucumber-plugin/6.8.0/cucumber-plugin-6.8.0.jar:/home/ourson/.m2/repository/io/cucumber/docstring/6.8.0/docstring-6.8.0.jar:/home/ourson/.m2/repository/io/cucumber/html-formatter/9.0.0/html-formatter-9.0.0.jar:/home/ourson/.m2/repository/io/cucumber/create-meta/2.0.2/create-meta-2.0.2.jar:/home/ourson/.m2/repository/io/cucumber/cucumber-junit/6.8.0/cucumber-junit-6.8.0.jar:/home/ourson/.m2/repository/io/cucumber/cucumber-spring/6.8.0/cucumber-spring-6.8.0.jar:/home/ourson/.m2/repository/commons-io/commons-io/1.3.2/commons-io-1.3.2.jar:/home/ourson/.m2/repository/io/cucumber/messages/13.1.0/messages-13.1.0.jar:/home/ourson/.m2/repository/com/vaadin/external/google/android-json/0.0.20131108.vaadin1/android-json-0.0.20131108.vaadin1.jar:/home/ourson/.m2/repository/org/python/jython-standalone/2.7.1/jython-standalone-2.7.1.jar:"/>
    <property name="sun.cpu.endian" value="little"/>
    <property name="user.home" value="/home/ourson"/>
    <property name="user.language" value="en"/>
    <property name="java.specification.vendor" value="Oracle Corporation"/>
    <property name="java.version.date" value="2021-09-14"/>
    <property name="java.home" value="/usr/lib/jvm/openjdk-17"/>
    <property name="file.separator" value="/"/>
    <property name="basedir" value="/home/data/MASTER/S2/genLog/Moodle_light/Moodle_light"/>
    <property name="java.vm.compressedOopsMode" value="32-bit"/>
    <property name="line.separator" value="&#10;"/>
    <property name="java.specification.name" value="Java Platform API Specification"/>
    <property name="java.vm.specification.vendor" value="Oracle Corporation"/>
    <property name="java.awt.headless" value="true"/>
    <property name="surefire.real.class.path" value="/home/data/MASTER/S2/genLog/Moodle_light/Moodle_light/target/surefire/surefirebooter4753450242809748496.jar"/>
    <property name="sun.management.compiler" value="HotSpot 64-Bit Tiered Compilers"/>
    <property name="java.runtime.version" value="17+35-2724"/>
    <property name="user.name" value="ourson"/>
    <property name="path.separator" value=":"/>
    <property name="os.version" value="5.4.0-26-generic"/>
    <property name="java.runtime.name" value="OpenJDK Runtime Environment"/>
    <property name="file.encoding" value="UTF-8"/>
    <property name="spring.beaninfo.ignore" value="true"/>
    <property name="java.vm.name" value="OpenJDK 64-Bit Server VM"/>
    <property name="localRepository" value="/home/ourson/.m2/repository"/>
    <property name="java.vendor.url.bug" value="https://bugreport.java.com/bugreport/"/>
    <property name="java.io.tmpdir" value="/tmp"/>
    <property name="catalina.home" value="/tmp/tomcat.8080.12564776054374752206"/>
    <property name="com.zaxxer.hikari.pool_number" value="2"/>
    <property name="java.version" value="17"/>
    <property name="user.dir" value="/home/data/MASTER/S2/genLog/Moodle_light/Moodle_light"/>
    <property name="os.arch" value="amd64"/>
    <property name="java.vm.specification.name" value="Java Virtual Machine Specification"/>
    <property name="PID" value="133637"/>
    <property name="catalina.base" value="/tmp/tomcat.8080.12564776054374752206"/>
    <property name="native.encoding" value="UTF-8"/>
    <property name="java.library.path" value=":/opt/lustre-v4-III-e-linux64/esterelv5_21.linux/lib:/usr/java/packages/lib:/usr/lib64:/lib64:/lib:/usr/lib"/>
    <property name="java.vm.info" value="mixed mode, sharing"/>
    <property name="java.vendor" value="Oracle Corporation"/>
    <property name="java.vm.version" value="17+35-2724"/>
    <property name="sun.io.unicode.encoding" value="UnicodeLittle"/>
    <property name="java.class.version" value="61.0"/>
  </properties>
  <testcase name="whenSpringContextIsBootstrapped_thenNoExceptions" classname="tests.SpringContextTest" time="0.004">
    <error type="java.lang.IllegalStateException"><![CDATA[java.lang.IllegalStateException: Failed to load ApplicationContext
Caused by: org.springframework.beans.factory.BeanCreationException: Error creating bean with name 'entityManagerFactory' defined in class path resource [org/springframework/boot/autoconfigure/orm/jpa/HibernateJpaConfiguration.class]: Invocation of init method failed; nested exception is javax.persistence.PersistenceException: [PersistenceUnit: default] Unable to build Hibernate SessionFactory; nested exception is org.hibernate.exception.GenericJDBCException: Unable to open JDBC Connection for DDL execution
Caused by: javax.persistence.PersistenceException: [PersistenceUnit: default] Unable to build Hibernate SessionFactory; nested exception is org.hibernate.exception.GenericJDBCException: Unable to open JDBC Connection for DDL execution
Caused by: org.hibernate.exception.GenericJDBCException: Unable to open JDBC Connection for DDL execution
Caused by: org.postgresql.util.PSQLException: FATAL: password authentication failed for user "postgres"
]]></error>
    <system-out><![CDATA[
  .   ____          _            __ _ _
 /\\ / ___'_ __ _ _(_)_ __  __ _ \ \ \ \
( ( )\___ | '_ | '_| | '_ \/ _` | \ \ \ \
 \\/  ___)| |_)| | | | | || (_| |  ) ) ) )
  '  |____| .__|_| |_|_| |_\__, | / / / /
 =========|_|==============|___/=/_/_/_/
 :: Spring Boot ::       (v2.2.11.RELEASE)

]]></system-out>
  </testcase>
</testsuite>